#
# There is insufficient memory for the Java Runtime Environment to continue.
# Native memory allocation (mmap) failed to map 268435456 bytes. Error detail: G1 virtual space
# Possible reasons:
#   The system is out of physical RAM or swap space
#   This process is running with CompressedOops enabled, and the Java Heap may be blocking the growth of the native heap
# Possible solutions:
#   Reduce memory load on the system
#   Increase physical memory or swap space
#   Check if swap backing store is full
#   Decrease Java heap size (-Xmx/-Xms)
#   Decrease number of Java threads
#   Decrease Java thread stack sizes (-Xss)
#   Set larger code cache with -XX:ReservedCodeCacheSize=
#   JVM is running with Zero Based Compressed Oops mode in which the Java heap is
#     placed in the first 32GB address space. The Java Heap base address is the
#     maximum limit for the native heap growth. Please use -XX:HeapBaseMinAddress
#     to set the Java Heap base and to place the Java Heap above 32GB virtual address.
# This output file may be truncated or incomplete.
#
#  Out of Memory Error (os_windows.cpp:3613), pid=15020, tid=16096
#
# JRE version:  (17.0.11+9) (build )
# Java VM: OpenJDK 64-Bit Server VM (17.0.11+9-LTS, mixed mode, sharing, tiered, compressed oops, compressed class ptrs, g1 gc, windows-amd64)
# No core dump will be written. Minidumps are not enabled by default on client versions of Windows
#

---------------  S U M M A R Y ------------

Command Line: -XX:+ShowCodeDetailsInExceptionMessages com.homeboard.homeboard.HomeboardApplication

Host: Intel(R) Core(TM) i7-3820 CPU @ 3.60GHz, 8 cores, 15G,  Windows 10 , 64 bit Build 19041 (10.0.19041.4717)
Time: Wed Sep  4 18:23:38 2024 Hora de verano romance elapsed time: 0.012012 seconds (0d 0h 0m 0s)

---------------  T H R E A D  ---------------

Current thread (0x00000275bde74350):  JavaThread "Unknown thread" [_thread_in_vm, id=16096, stack(0x0000009cf1700000,0x0000009cf1800000)]

Stack: [0x0000009cf1700000,0x0000009cf1800000]
Native frames: (J=compiled Java code, j=interpreted, Vv=VM code, C=native code)
V  [jvm.dll+0x67d009]
V  [jvm.dll+0x83489a]
V  [jvm.dll+0x83635e]
V  [jvm.dll+0x8369c3]
V  [jvm.dll+0x2479df]
V  [jvm.dll+0x679e49]
V  [jvm.dll+0x66e8ba]
V  [jvm.dll+0x30755b]
V  [jvm.dll+0x30ea06]
V  [jvm.dll+0x35e40e]
V  [jvm.dll+0x35e63f]
V  [jvm.dll+0x2de298]
V  [jvm.dll+0x2df204]
V  [jvm.dll+0x806221]
V  [jvm.dll+0x36c161]
V  [jvm.dll+0x7e4c56]
V  [jvm.dll+0x3ef9cf]
V  [jvm.dll+0x3f1521]
C  [jli.dll+0x528f]
C  [ucrtbase.dll+0x21bb2]
C  [KERNEL32.DLL+0x17374]
C  [ntdll.dll+0x4cc91]


---------------  P R O C E S S  ---------------

Threads class SMR info:
_java_thread_list=0x00007fff5264eed8, length=0, elements={
}

Java Threads: ( => current thread )

Other Threads:
  0x00000275bdee5c20 GCTaskThread "GC Thread#0" [stack: 0x0000009cf1800000,0x0000009cf1900000] [id=9888]
  0x00000275bdef69c0 ConcurrentGCThread "G1 Main Marker" [stack: 0x0000009cf1900000,0x0000009cf1a00000] [id=16904]
  0x00000275bdef7a90 ConcurrentGCThread "G1 Conc#0" [stack: 0x0000009cf1a00000,0x0000009cf1b00000] [id=8980]

[error occurred during error reporting (printing all threads), id 0xc0000005, EXCEPTION_ACCESS_VIOLATION (0xc0000005) at pc=0x00007fff51e0ecd7]

VM state: not at safepoint (not fully initialized)

VM Mutex/Monitor currently owned by a thread:  ([mutex/lock_event])
[0x00000275bde6fba0] Heap_lock - owner thread: 0x00000275bde74350

Heap address: 0x0000000700c00000, size: 4084 MB, Compressed Oops mode: Zero based, Oop shift amount: 3

CDS archive(s) mapped at: [0x0000000000000000-0x0000000000000000-0x0000000000000000), size 0, SharedBaseAddress: 0x0000000800000000, ArchiveRelocationMode: 1.
Narrow klass base: 0x0000000000000000, Narrow klass shift: 0, Narrow klass range: 0x0

GC Precious Log:
<Empty>

Heap:
 garbage-first heap   total 0K, used 0K [0x0000000700c00000, 0x0000000800000000)
  region size 2048K, 0 young (0K), 0 survivors (0K)

[error occurred during error reporting (printing heap information), id 0xc0000005, EXCEPTION_ACCESS_VIOLATION (0xc0000005) at pc=0x00007fff521f6d29]

GC Heap History (0 events):
No events

Dll operation events (1 events):
Event: 0.005 Loaded shared library C:\Program Files\Amazon Corretto\jdk17.0.11_9\bin\java.dll

Deoptimization events (0 events):
No events

Classes unloaded (0 events):
No events

Classes redefined (0 events):
No events

Internal exceptions (0 events):
No events

VM Operations (0 events):
No events

Events (0 events):
No events


Dynamic libraries:
0x00007ff664e50000 - 0x00007ff664e5e000 	C:\Program Files\Amazon Corretto\jdk17.0.11_9\bin\java.exe
0x00007fff93130000 - 0x00007fff93328000 	C:\Windows\SYSTEM32\ntdll.dll
0x00007fff92400000 - 0x00007fff924c1000 	C:\Windows\System32\KERNEL32.DLL
0x00007fff90c60000 - 0x00007fff90f5d000 	C:\Windows\System32\KERNELBASE.dll
0x00007fff90b10000 - 0x00007fff90c10000 	C:\Windows\System32\ucrtbase.dll
0x00007fff77070000 - 0x00007fff77087000 	C:\Program Files\Amazon Corretto\jdk17.0.11_9\bin\jli.dll
0x00007fff77050000 - 0x00007fff7706b000 	C:\Program Files\Amazon Corretto\jdk17.0.11_9\bin\VCRUNTIME140.dll
0x00007fff91ae0000 - 0x00007fff91c7d000 	C:\Windows\System32\USER32.dll
0x00007fff832d0000 - 0x00007fff8356a000 	C:\Windows\WinSxS\amd64_microsoft.windows.common-controls_6595b64144ccf1df_6.0.19041.4355_none_60b8b9eb71f62e16\COMCTL32.dll
0x00007fff91000000 - 0x00007fff91022000 	C:\Windows\System32\win32u.dll
0x00007fff91cb0000 - 0x00007fff91cdb000 	C:\Windows\System32\GDI32.dll
0x00007fff91d60000 - 0x00007fff91dfe000 	C:\Windows\System32\msvcrt.dll
0x00007fff90940000 - 0x00007fff90a57000 	C:\Windows\System32\gdi32full.dll
0x00007fff90f60000 - 0x00007fff90ffd000 	C:\Windows\System32\msvcp_win.dll
0x00007fff91c80000 - 0x00007fff91caf000 	C:\Windows\System32\IMM32.DLL
0x00007fff7c590000 - 0x00007fff7c59c000 	C:\Program Files\Amazon Corretto\jdk17.0.11_9\bin\vcruntime140_1.dll
0x00007fff63670000 - 0x00007fff636fd000 	C:\Program Files\Amazon Corretto\jdk17.0.11_9\bin\msvcp140.dll
0x00007fff51b20000 - 0x00007fff52782000 	C:\Program Files\Amazon Corretto\jdk17.0.11_9\bin\server\jvm.dll
0x00007fff91840000 - 0x00007fff918f0000 	C:\Windows\System32\ADVAPI32.dll
0x00007fff924d0000 - 0x00007fff92570000 	C:\Windows\System32\sechost.dll
0x00007fff91710000 - 0x00007fff91833000 	C:\Windows\System32\RPCRT4.dll
0x00007fff910a0000 - 0x00007fff910c7000 	C:\Windows\System32\bcrypt.dll
0x00007fff8fd60000 - 0x00007fff8fdab000 	C:\Windows\SYSTEM32\POWRPROF.dll
0x00007fff7e8b0000 - 0x00007fff7e8b9000 	C:\Windows\SYSTEM32\WSOCK32.dll
0x00007fff8a030000 - 0x00007fff8a03a000 	C:\Windows\SYSTEM32\VERSION.dll
0x00007fff85980000 - 0x00007fff859a7000 	C:\Windows\SYSTEM32\WINMM.dll
0x00007fff91a00000 - 0x00007fff91a6b000 	C:\Windows\System32\WS2_32.dll
0x00007fff8fbd0000 - 0x00007fff8fbe2000 	C:\Windows\SYSTEM32\UMPDC.dll
0x00007fff8e680000 - 0x00007fff8e692000 	C:\Windows\SYSTEM32\kernel.appcore.dll
0x00007fff7c4b0000 - 0x00007fff7c4ba000 	C:\Program Files\Amazon Corretto\jdk17.0.11_9\bin\jimage.dll
0x00007fff77160000 - 0x00007fff77344000 	C:\Windows\SYSTEM32\DBGHELP.DLL
0x00007fff77120000 - 0x00007fff77154000 	C:\Windows\SYSTEM32\dbgcore.DLL
0x00007fff910d0000 - 0x00007fff91152000 	C:\Windows\System32\bcryptPrimitives.dll
0x00007fff6ec20000 - 0x00007fff6ec45000 	C:\Program Files\Amazon Corretto\jdk17.0.11_9\bin\java.dll

dbghelp: loaded successfully - version: 4.0.5 - missing functions: none
symbol engine: initialized successfully - sym options: 0x614 - pdb path: .;C:\Program Files\Amazon Corretto\jdk17.0.11_9\bin;C:\Windows\SYSTEM32;C:\Windows\WinSxS\amd64_microsoft.windows.common-controls_6595b64144ccf1df_6.0.19041.4355_none_60b8b9eb71f62e16;C:\Program Files\Amazon Corretto\jdk17.0.11_9\bin\server

VM Arguments:
jvm_args: -XX:+ShowCodeDetailsInExceptionMessages 
java_command: com.homeboard.homeboard.HomeboardApplication
java_class_path (initial): D:\Escritorio\_BootCamp FemCoders\Proyectos\Proyecto Individual\Back\HomeBoard-Back\homeboard\target\classes;C:\Users\Cris\.m2\repository\org\springframework\boot\spring-boot-starter-data-jpa\3.3.3\spring-boot-starter-data-jpa-3.3.3.jar;C:\Users\Cris\.m2\repository\org\springframework\boot\spring-boot-starter-aop\3.3.3\spring-boot-starter-aop-3.3.3.jar;C:\Users\Cris\.m2\repository\org\springframework\spring-aop\6.1.12\spring-aop-6.1.12.jar;C:\Users\Cris\.m2\repository\org\aspectj\aspectjweaver\1.9.22.1\aspectjweaver-1.9.22.1.jar;C:\Users\Cris\.m2\repository\org\springframework\boot\spring-boot-starter-jdbc\3.3.3\spring-boot-starter-jdbc-3.3.3.jar;C:\Users\Cris\.m2\repository\com\zaxxer\HikariCP\5.1.0\HikariCP-5.1.0.jar;C:\Users\Cris\.m2\repository\org\springframework\spring-jdbc\6.1.12\spring-jdbc-6.1.12.jar;C:\Users\Cris\.m2\repository\org\hibernate\orm\hibernate-core\6.5.2.Final\hibernate-core-6.5.2.Final.jar;C:\Users\Cris\.m2\repository\jakarta\persistence\jakarta.persistence-api\3.1.0\jakarta.persistence-api-3.1.0.jar;C:\Users\Cris\.m2\repository\jakarta\transaction\jakarta.transaction-api\2.0.1\jakarta.transaction-api-2.0.1.jar;C:\Users\Cris\.m2\repository\org\jboss\logging\jboss-logging\3.5.3.Final\jboss-logging-3.5.3.Final.jar;C:\Users\Cris\.m2\repository\org\hibernate\common\hibernate-commons-annotations\6.0.6.Final\hibernate-commons-annotations-6.0.6.Final.jar;C:\Users\Cris\.m2\repository\io\smallrye\jandex\3.1.2\jandex-3.1.2.jar;C:\Users\Cris\.m2\repository\com\fasterxml\classmate\1.7.0\classmate-1.7.0.jar;C:\Users\Cris\.m2\repository\net\bytebuddy\byte-buddy\1.14.19\byte-buddy-1.14.19.jar;C:\Users\Cris\.m2\repository\org\glassfish\jaxb\jaxb-runtime\4.0.5\jaxb-runtime-4.0.5.jar;C:\Users\Cris\.m2\repository\org\glassfish\jaxb\jaxb-core\4.0.5\jaxb-core-4.0.5.jar;C:\Users\Cris\.m2\repository\org\eclipse\angus\angus-activation\2.0.2\angus-activation-2.0.2.jar;C:\Users\Cris\.m2\repository\org\glassfish\jaxb\txw2\4.0.5\txw2-4.0.5.jar
Launcher Type: SUN_STANDARD

[Global flags]
     intx CICompilerCount                          = 4                                         {product} {ergonomic}
     uint ConcGCThreads                            = 2                                         {product} {ergonomic}
     uint G1ConcRefinementThreads                  = 8                                         {product} {ergonomic}
   size_t G1HeapRegionSize                         = 2097152                                   {product} {ergonomic}
    uintx GCDrainStackTargetSize                   = 64                                        {product} {ergonomic}
   size_t InitialHeapSize                          = 268435456                                 {product} {ergonomic}
   size_t MarkStackSize                            = 4194304                                   {product} {ergonomic}
   size_t MaxHeapSize                              = 4282384384                                {product} {ergonomic}
   size_t MinHeapDeltaBytes                        = 2097152                                   {product} {ergonomic}
   size_t MinHeapSize                              = 8388608                                   {product} {ergonomic}
    uintx NonNMethodCodeHeapSize                   = 5839372                                {pd product} {ergonomic}
    uintx NonProfiledCodeHeapSize                  = 122909434                              {pd product} {ergonomic}
    uintx ProfiledCodeHeapSize                     = 122909434                              {pd product} {ergonomic}
    uintx ReservedCodeCacheSize                    = 251658240                              {pd product} {ergonomic}
     bool SegmentedCodeCache                       = true                                      {product} {ergonomic}
     bool ShowCodeDetailsInExceptionMessages       = true                                   {manageable} {command line}
   size_t SoftMaxHeapSize                          = 4282384384                             {manageable} {ergonomic}
     bool UseCompressedClassPointers               = true                           {product lp64_product} {ergonomic}
     bool UseCompressedOops                        = true                           {product lp64_product} {ergonomic}
     bool UseG1GC                                  = true                                      {product} {ergonomic}
     bool UseLargePagesIndividualAllocation        = false                                  {pd product} {ergonomic}

Logging:
Log output configuration:
 #0: stdout all=warning uptime,level,tags
 #1: stderr all=off uptime,level,tags

Environment Variables:
JAVA_HOME=C:\Program Files\Amazon Corretto\jdk17.0.11_9
PATH=C:\Program Files\Amazon Corretto\jdk17.0.11_9\bin;C:\Program Files\Common Files\Oracle\Java\javapath;C:\Program Files (x86)\Common Files\Intel\Shared Libraries\redist\intel64\compiler;C:\Windows\system32;C:\Windows;C:\Windows\System32\Wbem;C:\Windows\System32\WindowsPowerShell\v1.0\;C:\Windows\System32\OpenSSH\;C:\Program Files\nodejs\;C:\Program Files\Git\cmd;C:\Users\Cris\AppData\Local\Programs\Python\Launcher\;C:\Users\Cris\.console-ninja\.bin;C:\Users\Cris\AppData\Local\Microsoft\WindowsApps;C:\Users\Cris\AppData\Local\Programs\Microsoft VS Code\bin;C:\Users\Cris\AppData\Roaming\npm;C:\Users\Cris\AppData\Roaming\npm\node_modules@angular\cli;
USERNAME=Cris
LANG=en_US.UTF-8
OS=Windows_NT
PROCESSOR_IDENTIFIER=Intel64 Family 6 Model 45 Stepping 7, GenuineIntel
TMP=C:\Users\Cris\AppData\Local\Temp
TEMP=C:\Users\Cris\AppData\Local\Temp



Periodic native trim disabled


---------------  S Y S T E M  ---------------

OS:
 Windows 10 , 64 bit Build 19041 (10.0.19041.4717)
OS uptime: 0 days 2:15 hours

CPU: total 8 (initial active 8) (4 cores per cpu, 2 threads per core) family 6 model 45 stepping 7 microcode 0x714, cx8, cmov, fxsr, ht, mmx, sse, sse2, sse3, ssse3, sse4.1, sse4.2, popcnt, tsc, tscinvbit, avx, aes, clmul, vzeroupper, clflush
Processor Information for all 8 processors :
  Max Mhz: 3801, Current Mhz: 3801, Mhz Limit: 3801

Memory: 4k page, system-wide physical 16331M (1821M free)
TotalPageFile size 65432M (AvailPageFile size 71M)
current process WorkingSet (physical memory assigned to process): 10M, peak: 10M
current process commit charge ("private bytes"): 60M, peak: 316M

vm_info: OpenJDK 64-Bit Server VM (17.0.11+9-LTS) for windows-amd64 JRE (17.0.11+9-LTS), built on Apr 10 2024 22:12:24 by "Administrator" with MS VC++ 16.10 / 16.11 (VS2019)

END.
